生成启动时间为 2016/12/15 17:28:16。
     1>项目“C:\Users\Jiangcheng\Desktop\PC端 - 单机 - 云台\Samples\FACT29Client\FACT29Client.vcxproj”在节点 2 上(build 个目标)。
     1>InitializeBuildStatus:
         正在创建“Debug\FACT29Client.unsuccessfulbuild”，因为已指定“AlwaysCreate”。
       ClCompile:
         C:\Program Files (x86)\Microsoft Visual Studio 10.0\VC\bin\CL.exe /c /ZI /nologo /W3 /WX- /Od /Oy- /D _MBCS /Gm /EHsc /RTC1 /MDd /GS /fp:precise /Zc:wchar_t /Zc:forScope /Fo"Debug\\" /Fd"Debug\vc100.pdb" /Gd /TP /analyze- /errorReport:prompt User\controlPosition.cpp
         controlPosition.cpp
     1>c:\users\jiangcheng\desktop\pc端 - 单机 - 云台\samples\fact29client\user\gensensordata.h(37): warning C4305: “初始化”: 从“double”到“float”截断
     1>c:\users\jiangcheng\desktop\pc端 - 单机 - 云台\samples\fact29client\user\controlposition.cpp(99): warning C4305: “初始化”: 从“double”到“float”截断
     1>c:\users\jiangcheng\desktop\pc端 - 单机 - 云台\samples\fact29client\user\controlposition.cpp(233): warning C4244: “=”: 从“double”转换到“float”，可能丢失数据
     1>c:\users\jiangcheng\desktop\pc端 - 单机 - 云台\samples\fact29client\user\controlposition.cpp(234): warning C4244: “=”: 从“double”转换到“float”，可能丢失数据
     1>c:\users\jiangcheng\desktop\pc端 - 单机 - 云台\samples\fact29client\user\controlposition.cpp(279): warning C4244: “=”: 从“double”转换到“float”，可能丢失数据
     1>c:\users\jiangcheng\desktop\pc端 - 单机 - 云台\samples\fact29client\user\controlposition.cpp(280): warning C4244: “=”: 从“double”转换到“float”，可能丢失数据
     1>c:\users\jiangcheng\desktop\pc端 - 单机 - 云台\samples\fact29client\user\controlposition.cpp(308): warning C4244: “=”: 从“double”转换到“float”，可能丢失数据
     1>c:\users\jiangcheng\desktop\pc端 - 单机 - 云台\samples\fact29client\user\controlposition.cpp(309): warning C4244: “=”: 从“double”转换到“float”，可能丢失数据
     1>c:\users\jiangcheng\desktop\pc端 - 单机 - 云台\samples\fact29client\user\controlposition.cpp(332): warning C4244: “=”: 从“double”转换到“float”，可能丢失数据
     1>c:\users\jiangcheng\desktop\pc端 - 单机 - 云台\samples\fact29client\user\controlposition.cpp(333): warning C4244: “=”: 从“double”转换到“float”，可能丢失数据
     1>c:\users\jiangcheng\desktop\pc端 - 单机 - 云台\samples\fact29client\user\controlposition.cpp(357): warning C4244: “=”: 从“double”转换到“float”，可能丢失数据
     1>c:\users\jiangcheng\desktop\pc端 - 单机 - 云台\samples\fact29client\user\controlposition.cpp(358): warning C4244: “=”: 从“double”转换到“float”，可能丢失数据
     1>c:\users\jiangcheng\desktop\pc端 - 单机 - 云台\samples\fact29client\user\controlposition.cpp(382): warning C4244: “=”: 从“double”转换到“float”，可能丢失数据
     1>c:\users\jiangcheng\desktop\pc端 - 单机 - 云台\samples\fact29client\user\controlposition.cpp(383): warning C4244: “=”: 从“double”转换到“float”，可能丢失数据
     1>c:\users\jiangcheng\desktop\pc端 - 单机 - 云台\samples\fact29client\user\controlposition.cpp(407): warning C4244: “=”: 从“double”转换到“float”，可能丢失数据
     1>c:\users\jiangcheng\desktop\pc端 - 单机 - 云台\samples\fact29client\user\controlposition.cpp(408): warning C4244: “=”: 从“double”转换到“float”，可能丢失数据
     1>c:\users\jiangcheng\desktop\pc端 - 单机 - 云台\samples\fact29client\user\controlposition.cpp(118): warning C4101: “Src_Lon”: 未引用的局部变量
     1>c:\users\jiangcheng\desktop\pc端 - 单机 - 云台\samples\fact29client\user\controlposition.cpp(112): warning C4101: “vel_y_set_3”: 未引用的局部变量
     1>c:\users\jiangcheng\desktop\pc端 - 单机 - 云台\samples\fact29client\user\controlposition.cpp(111): warning C4101: “y_pos_set_3”: 未引用的局部变量
     1>c:\users\jiangcheng\desktop\pc端 - 单机 - 云台\samples\fact29client\user\controlposition.cpp(111): warning C4101: “x_pos_set_2”: 未引用的局部变量
     1>c:\users\jiangcheng\desktop\pc端 - 单机 - 云台\samples\fact29client\user\controlposition.cpp(79): warning C4101: “LatPre”: 未引用的局部变量
     1>c:\users\jiangcheng\desktop\pc端 - 单机 - 云台\samples\fact29client\user\controlposition.cpp(119): warning C4101: “Measure3”: 未引用的局部变量
     1>c:\users\jiangcheng\desktop\pc端 - 单机 - 云台\samples\fact29client\user\controlposition.cpp(112): warning C4101: “vel_y_set_2”: 未引用的局部变量
     1>c:\users\jiangcheng\desktop\pc端 - 单机 - 云台\samples\fact29client\user\controlposition.cpp(111): warning C4101: “z_pos_set_2”: 未引用的局部变量
     1>c:\users\jiangcheng\desktop\pc端 - 单机 - 云台\samples\fact29client\user\controlposition.cpp(94): warning C4101: “Leader_Init_Yaw”: 未引用的局部变量
     1>c:\users\jiangcheng\desktop\pc端 - 单机 - 云台\samples\fact29client\user\controlposition.cpp(119): warning C4101: “Measure2”: 未引用的局部变量
     1>c:\users\jiangcheng\desktop\pc端 - 单机 - 云台\samples\fact29client\user\controlposition.cpp(118): warning C4101: “Src_Lat”: 未引用的局部变量
     1>c:\users\jiangcheng\desktop\pc端 - 单机 - 云台\samples\fact29client\user\controlposition.cpp(111): warning C4101: “z_pos_set_3”: 未引用的局部变量
     1>c:\users\jiangcheng\desktop\pc端 - 单机 - 云台\samples\fact29client\user\controlposition.cpp(111): warning C4101: “x_pos_set_3”: 未引用的局部变量
     1>c:\users\jiangcheng\desktop\pc端 - 单机 - 云台\samples\fact29client\user\controlposition.cpp(111): warning C4101: “z_pos_set_1”: 未引用的局部变量
     1>c:\users\jiangcheng\desktop\pc端 - 单机 - 云台\samples\fact29client\user\controlposition.cpp(95): warning C4101: “Follower_Current_Vx”: 未引用的局部变量
     1>c:\users\jiangcheng\desktop\pc端 - 单机 - 云台\samples\fact29client\user\controlposition.cpp(112): warning C4101: “vel_x_set_3”: 未引用的局部变量
     1>c:\users\jiangcheng\desktop\pc端 - 单机 - 云台\samples\fact29client\user\controlposition.cpp(95): warning C4101: “Follower_Current_Lon_1”: 未引用的局部变量
     1>c:\users\jiangcheng\desktop\pc端 - 单机 - 云台\samples\fact29client\user\controlposition.cpp(94): warning C4101: “Leader_Current_Vy”: 未引用的局部变量
     1>c:\users\jiangcheng\desktop\pc端 - 单机 - 云台\samples\fact29client\user\controlposition.cpp(79): warning C4101: “LonThis”: 未引用的局部变量
     1>c:\users\jiangcheng\desktop\pc端 - 单机 - 云台\samples\fact29client\user\controlposition.cpp(79): warning C4101: “LatThis”: 未引用的局部变量
     1>c:\users\jiangcheng\desktop\pc端 - 单机 - 云台\samples\fact29client\user\controlposition.cpp(111): warning C4101: “y_pos_set_2”: 未引用的局部变量
     1>c:\users\jiangcheng\desktop\pc端 - 单机 - 云台\samples\fact29client\user\controlposition.cpp(96): warning C4101: “Attitude3”: 未引用的局部变量
     1>c:\users\jiangcheng\desktop\pc端 - 单机 - 云台\samples\fact29client\user\controlposition.cpp(95): warning C4101: “Follower_Current_Lon_2”: 未引用的局部变量
     1>c:\users\jiangcheng\desktop\pc端 - 单机 - 云台\samples\fact29client\user\controlposition.cpp(119): warning C4101: “Measure1”: 未引用的局部变量
     1>c:\users\jiangcheng\desktop\pc端 - 单机 - 云台\samples\fact29client\user\controlposition.cpp(95): warning C4101: “Follower_Current_Yaw”: 未引用的局部变量
     1>c:\users\jiangcheng\desktop\pc端 - 单机 - 云台\samples\fact29client\user\controlposition.cpp(79): warning C4101: “LonPre”: 未引用的局部变量
     1>c:\users\jiangcheng\desktop\pc端 - 单机 - 云台\samples\fact29client\user\controlposition.cpp(112): warning C4101: “vel_x_set_2”: 未引用的局部变量
     1>c:\users\jiangcheng\desktop\pc端 - 单机 - 云台\samples\fact29client\user\controlposition.cpp(94): warning C4101: “Leader_Current_Vx”: 未引用的局部变量
     1>c:\users\jiangcheng\desktop\pc端 - 单机 - 云台\samples\fact29client\user\controlposition.cpp(96): warning C4101: “Attitude2”: 未引用的局部变量
     1>c:\users\jiangcheng\desktop\pc端 - 单机 - 云台\samples\fact29client\user\controlposition.cpp(95): warning C4101: “Follower_Current_Lat_2”: 未引用的局部变量
     1>c:\users\jiangcheng\desktop\pc端 - 单机 - 云台\samples\fact29client\user\controlposition.cpp(95): warning C4101: “Follower_Current_Lat_1”: 未引用的局部变量
     1>c:\users\jiangcheng\desktop\pc端 - 单机 - 云台\samples\fact29client\user\controlposition.cpp(95): warning C4101: “Follower_Current_Vy”: 未引用的局部变量
     1>c:\users\jiangcheng\desktop\pc端 - 单机 - 云台\samples\fact29client\user\controlposition.cpp(605): warning C4244: “=”: 从“double”转换到“float”，可能丢失数据
     1>c:\users\jiangcheng\desktop\pc端 - 单机 - 云台\samples\fact29client\user\controlposition.cpp(607): warning C4244: “=”: 从“double”转换到“float”，可能丢失数据
     1>c:\users\jiangcheng\desktop\pc端 - 单机 - 云台\samples\fact29client\user\controlposition.cpp(609): warning C4244: “=”: 从“double”转换到“float”，可能丢失数据
     1>c:\users\jiangcheng\desktop\pc端 - 单机 - 云台\samples\fact29client\user\controlposition.cpp(624): warning C4244: “=”: 从“double”转换到“float”，可能丢失数据
     1>c:\users\jiangcheng\desktop\pc端 - 单机 - 云台\samples\fact29client\user\controlposition.cpp(232): warning C4700: 使用了未初始化的局部变量“Leader_Init_Lon”
     1>c:\users\jiangcheng\desktop\pc端 - 单机 - 云台\samples\fact29client\user\controlposition.cpp(617): warning C4715: “CPositionController::CalculateMinDistance”: 不是所有的控件路径都返回值
       Link:
         C:\Program Files (x86)\Microsoft Visual Studio 10.0\VC\bin\link.exe /ERRORREPORT:PROMPT /OUT:"C:\Users\Jiangcheng\Desktop\PC端 - 单机 - 云台\Samples\Debug\FACT29Client.exe" /NOLOGO opencv_ml249d.lib opencv_calib3d249d.lib opencv_contrib249d.lib opencv_core249d.lib opencv_features2d249d.lib opencv_flann249d.lib opencv_gpu249d.lib opencv_highgui249d.lib opencv_imgproc249d.lib opencv_legacy249d.lib opencv_objdetect249d.lib opencv_ts249d.lib opencv_video249d.lib opencv_nonfree249d.lib opencv_ocl249d.lib opencv_photo249d.lib opencv_stitching249d.lib opencv_superres249d.lib opencv_videostab249d.lib opencv_objdetect249.lib opencv_ts249.lib opencv_video249.lib opencv_nonfree249.lib opencv_ocl249.lib opencv_photo249.lib opencv_stitching249.lib opencv_superres249.lib opencv_videostab249.lib opencv_calib3d249.lib opencv_contrib249.lib opencv_core249.lib opencv_features2d249.lib opencv_flann249.lib opencv_gpu249.lib opencv_highgui249.lib opencv_imgproc249.lib opencv_legacy249.lib opencv_ml249.lib kernel32.lib user32.lib gdi32.lib winspool.lib comdlg32.lib advapi32.lib shell32.lib ole32.lib oleaut32.lib uuid.lib odbc32.lib odbccp32.lib /MANIFEST /ManifestFile:"Debug\FACT29Client.exe.intermediate.manifest" /MANIFESTUAC:"level='asInvoker' uiAccess='false'" /DEBUG /PDB:"C:\Users\Jiangcheng\Desktop\PC端 - 单机 - 云台\Samples\Debug\FACT29Client.pdb" /TLBID:1 /DYNAMICBASE /NXCOMPAT /IMPLIB:"C:\Users\Jiangcheng\Desktop\PC端 - 单机 - 云台\Samples\Debug\FACT29Client.lib" /MACHINE:X86 Debug\controlPosition.obj
         Debug\processMavlink.obj
         Debug\SerialPort.obj
         Debug\zjcmain.obj
         LINK : 没有找到 C:\Users\Jiangcheng\Desktop\PC端 - 单机 - 云台\Samples\Debug\FACT29Client.exe 或上一个增量链接没有生成它；正在执行完全链接
         FACT29Client.vcxproj -> C:\Users\Jiangcheng\Desktop\PC端 - 单机 - 云台\Samples\Debug\FACT29Client.exe
       Manifest:
         C:\Program Files (x86)\Microsoft SDKs\Windows\v7.0A\bin\mt.exe /nologo /verbose /outputresource:"C:\Users\Jiangcheng\Desktop\PC端 - 单机 - 云台\Samples\Debug\FACT29Client.exe;#1" /manifest Debug\FACT29Client.exe.intermediate.manifest
       FinalizeBuildStatus:
         正在删除文件“Debug\FACT29Client.unsuccessfulbuild”。
         正在对“Debug\FACT29Client.lastbuildstate”执行 Touch 任务。
     1>已完成生成项目“C:\Users\Jiangcheng\Desktop\PC端 - 单机 - 云台\Samples\FACT29Client\FACT29Client.vcxproj”(build 个目标)的操作。

生成成功。

已用时间 00:00:00.94
