C:\USERS\JIANGCHENG\DESKTOP\PC端 - 单机 - 云台\SAMPLES\DEBUG\FACT29CLIENT.EXE
C:\USERS\JIANGCHENG\DESKTOP\PC端 - 单机 - 云台\SAMPLES\DEBUG\FACT29CLIENT.ILK
C:\USERS\JIANGCHENG\DESKTOP\PC端 - 单机 - 云台\SAMPLES\DEBUG\FACT29CLIENT.PDB
C:\Users\Jiangcheng\Desktop\PC端 - 单机 - 云台\Samples\FACT29Client\Debug\cl.command.1.tlog
C:\Users\Jiangcheng\Desktop\PC端 - 单机 - 云台\Samples\FACT29Client\Debug\CL.read.1.tlog
C:\Users\Jiangcheng\Desktop\PC端 - 单机 - 云台\Samples\FACT29Client\Debug\CL.write.1.tlog
C:\USERS\JIANGCHENG\DESKTOP\PC端 - 单机 - 云台\SAMPLES\FACT29CLIENT\DEBUG\CONTROLPOSITION.OBJ
C:\USERS\JIANGCHENG\DESKTOP\PC端 - 单机 - 云台\SAMPLES\FACT29CLIENT\DEBUG\FACT29CLIENT.EXE.INTERMEDIATE.MANIFEST
C:\Users\Jiangcheng\Desktop\PC端 - 单机 - 云台\Samples\FACT29Client\Debug\FACT29Client.write.1.tlog
C:\Users\Jiangcheng\Desktop\PC端 - 单机 - 云台\Samples\FACT29Client\Debug\link.command.1.tlog
C:\Users\Jiangcheng\Desktop\PC端 - 单机 - 云台\Samples\FACT29Client\Debug\link.read.1.tlog
C:\Users\Jiangcheng\Desktop\PC端 - 单机 - 云台\Samples\FACT29Client\Debug\link.write.1.tlog
C:\Users\Jiangcheng\Desktop\PC端 - 单机 - 云台\Samples\FACT29Client\Debug\mt.command.1.tlog
C:\Users\Jiangcheng\Desktop\PC端 - 单机 - 云台\Samples\FACT29Client\Debug\mt.read.1.tlog
C:\Users\Jiangcheng\Desktop\PC端 - 单机 - 云台\Samples\FACT29Client\Debug\mt.write.1.tlog
C:\USERS\JIANGCHENG\DESKTOP\PC端 - 单机 - 云台\SAMPLES\FACT29CLIENT\DEBUG\PROCESSMAVLINK.OBJ
C:\USERS\JIANGCHENG\DESKTOP\PC端 - 单机 - 云台\SAMPLES\FACT29CLIENT\DEBUG\SERIALPORT.OBJ
C:\Users\Jiangcheng\Desktop\PC端 - 单机 - 云台\Samples\FACT29Client\Debug\vc100.idb
C:\USERS\JIANGCHENG\DESKTOP\PC端 - 单机 - 云台\SAMPLES\FACT29CLIENT\DEBUG\VC100.PDB
C:\USERS\JIANGCHENG\DESKTOP\PC端 - 单机 - 云台\SAMPLES\FACT29CLIENT\DEBUG\ZJCMAIN.OBJ
